<?xml version="1.0" encoding="UTF-8"?>
<!-- Generated by org.testng.reporters.JUnitReportReporter -->
<testsuite skipped="1" hostname="DESKTOP-VIRS9FM" name="com.bankingmavenproject.testcases.Tc_LoginTest_002" tests="1" failures="0" timestamp="14 Apr 2021 16:41:14 GMT" time="0.000" errors="0">
  <testcase name="loginddt" time="0.000" classname="com.bankingmavenproject.testcases.Tc_LoginTest_002">
    <skipped/>
  </testcase> <!-- loginddt -->
</testsuite> <!-- com.bankingmavenproject.testcases.Tc_LoginTest_002 -->
